TN:
SF:src/interface.ts
FN:1,(anonymous_0)
FN:9,(anonymous_1)
FN:31,(anonymous_2)
FNF:3
FNH:2
FNDA:0,(anonymous_0)
FNDA:1,(anonymous_1)
FNDA:1,(anonymous_2)
DA:1,1
DA:9,1
DA:10,1
DA:11,1
DA:31,1
DA:32,1
DA:33,1
LF:7
LH:7
BRDA:9,0,0,1
BRDA:9,0,1,1
BRDA:31,1,0,1
BRDA:31,1,1,1
BRF:4
BRH:4
end_of_record
TN:
SF:src/log_configer.ts
FN:8,(anonymous_2)
FN:20,(anonymous_3)
FN:24,(anonymous_4)
FNF:3
FNH:2
FNDA:1,(anonymous_2)
FNDA:5,(anonymous_3)
FNDA:0,(anonymous_4)
DA:7,1
DA:10,1
DA:11,0
DA:12,0
DA:14,1
DA:15,0
DA:16,0
DA:18,1
DA:22,5
DA:26,0
LF:10
LH:5
BRDA:10,0,0,0
BRDA:10,0,1,1
BRDA:14,1,0,0
BRDA:14,1,1,1
BRDA:22,2,0,5
BRDA:22,2,1,0
BRF:6
BRH:3
end_of_record
TN:
SF:src/log_db.ts
FN:27,(anonymous_16)
FN:41,LogDB
FN:108,(anonymous_18)
FN:115,(anonymous_19)
FN:127,(anonymous_20)
FN:156,(anonymous_23)
FN:164,(anonymous_26)
FN:165,(anonymous_27)
FN:185,(anonymous_28)
FN:192,(anonymous_31)
FN:200,(anonymous_32)
FN:210,(anonymous_35)
FN:219,(anonymous_38)
FN:220,(anonymous_39)
FN:231,(anonymous_40)
FN:238,(anonymous_43)
FN:239,(anonymous_44)
FN:246,(anonymous_45)
FN:247,(anonymous_46)
FN:255,(anonymous_47)
FN:267,(anonymous_50)
FN:278,(anonymous_53)
FN:290,(anonymous_56)
FN:295,(anonymous_59)
FN:296,(anonymous_60)
FN:308,(anonymous_61)
FN:313,(anonymous_64)
FN:314,(anonymous_67)
FN:315,(anonymous_68)
FN:323,(anonymous_69)
FN:331,(anonymous_72)
FN:334,(anonymous_75)
FN:335,(anonymous_76)
FN:343,(anonymous_77)
FN:349,(anonymous_80)
FN:352,(anonymous_83)
FN:353,(anonymous_84)
FNF:37
FNH:2
FNDA:1,(anonymous_16)
FNDA:3,LogDB
FNDA:0,(anonymous_18)
FNDA:0,(anonymous_19)
FNDA:0,(anonymous_20)
FNDA:0,(anonymous_23)
FNDA:0,(anonymous_26)
FNDA:0,(anonymous_27)
FNDA:0,(anonymous_28)
FNDA:0,(anonymous_31)
FNDA:0,(anonymous_32)
FNDA:0,(anonymous_35)
FNDA:0,(anonymous_38)
FNDA:0,(anonymous_39)
FNDA:0,(anonymous_40)
FNDA:0,(anonymous_43)
FNDA:0,(anonymous_44)
FNDA:0,(anonymous_45)
FNDA:0,(anonymous_46)
FNDA:0,(anonymous_47)
FNDA:0,(anonymous_50)
FNDA:0,(anonymous_53)
FNDA:0,(anonymous_56)
FNDA:0,(anonymous_59)
FNDA:0,(anonymous_60)
FNDA:0,(anonymous_61)
FNDA:0,(anonymous_64)
FNDA:0,(anonymous_67)
FNDA:0,(anonymous_68)
FNDA:0,(anonymous_69)
FNDA:0,(anonymous_72)
FNDA:0,(anonymous_75)
FNDA:0,(anonymous_76)
FNDA:0,(anonymous_77)
FNDA:0,(anonymous_80)
FNDA:0,(anonymous_83)
FNDA:0,(anonymous_84)
DA:2,1
DA:3,1
DA:4,1
DA:5,1
DA:6,1
DA:7,1
DA:8,1
DA:9,1
DA:10,1
DA:11,1
DA:12,1
DA:13,1
DA:15,1
DA:16,1
DA:27,1
DA:28,3
DA:29,3
DA:30,3
DA:41,4
DA:42,3
DA:108,3
DA:110,0
DA:111,0
DA:115,1
DA:116,0
DA:117,0
DA:118,0
DA:127,1
DA:128,0
DA:130,0
DA:132,0
DA:133,0
DA:134,0
DA:137,0
DA:139,0
DA:145,0
DA:148,0
DA:156,1
DA:157,0
DA:158,0
DA:159,0
DA:160,0
DA:161,0
DA:164,0
DA:165,0
DA:171,0
DA:172,0
DA:176,0
DA:185,1
DA:186,0
DA:187,0
DA:188,0
DA:189,0
DA:190,0
DA:191,0
DA:192,0
DA:193,0
DA:195,0
DA:196,0
DA:200,1
DA:201,0
DA:202,0
DA:203,0
DA:210,1
DA:211,0
DA:213,0
DA:214,0
DA:216,0
DA:218,0
DA:219,0
DA:220,0
DA:222,0
DA:224,0
DA:231,1
DA:232,0
DA:234,0
DA:235,0
DA:237,0
DA:238,0
DA:239,0
DA:241,0
DA:245,0
DA:246,0
DA:247,0
DA:249,0
DA:251,0
DA:255,1
DA:256,0
DA:257,0
DA:258,0
DA:259,0
DA:260,0
DA:262,0
DA:267,1
DA:268,0
DA:269,0
DA:270,0
DA:271,0
DA:273,0
DA:278,1
DA:280,0
DA:281,0
DA:282,0
DA:287,0
DA:290,1
DA:292,0
DA:293,0
DA:295,0
DA:296,0
DA:303,0
DA:304,0
DA:308,1
DA:309,0
DA:310,0
DA:313,1
DA:314,0
DA:315,0
DA:317,0
DA:319,0
DA:323,1
DA:324,0
DA:326,0
DA:327,0
DA:328,0
DA:331,1
DA:332,0
DA:334,0
DA:335,0
DA:337,0
DA:338,0
DA:339,0
DA:343,1
DA:344,0
DA:345,0
DA:346,0
DA:349,1
DA:350,0
DA:351,0
DA:352,0
DA:353,0
DA:355,0
DA:358,1
DA:360,1
LF:143
LH:40
BRDA:41,0,0,1
BRDA:41,0,1,2
BRDA:41,1,0,0
BRDA:41,1,1,3
BRDA:111,2,0,0
BRDA:111,2,1,0
BRDA:116,3,0,0
BRDA:116,3,1,0
BRDA:133,4,0,0
BRDA:133,4,1,0
BRDA:145,5,0,0
BRDA:145,5,1,0
BRDA:172,6,0,0
BRDA:172,6,1,0
BRDA:188,7,0,0
BRDA:188,7,1,0
BRDA:191,8,0,0
BRDA:191,8,1,0
BRDA:203,9,0,0
BRDA:203,10,0,0
BRDA:203,10,1,0
BRDA:224,11,0,0
BRDA:218,12,0,0
BRDA:218,12,1,0
BRDA:251,13,0,0
BRDA:237,14,0,0
BRDA:237,14,1,0
BRDA:237,15,0,0
BRDA:237,15,1,0
BRDA:245,16,0,0
BRDA:245,16,1,0
BRDA:245,17,0,0
BRDA:245,17,1,0
BRDA:260,18,0,0
BRDA:260,18,1,0
BRDA:260,18,2,0
BRDA:258,19,0,0
BRDA:258,19,1,0
BRDA:270,20,0,0
BRDA:270,20,1,0
BRDA:304,21,0,0
BRDA:304,21,1,0
BRDA:310,22,0,0
BRDA:319,23,0,0
BRDA:355,24,0,0
BRDA:351,25,0,0
BRDA:351,25,1,0
BRDA:351,26,0,0
BRDA:351,26,1,0
BRF:49
BRH:3
end_of_record
TN:
SF:src/log_manager.ts
FN:10,(anonymous_14)
FN:21,LogManager
FN:25,(anonymous_16)
FN:26,(anonymous_17)
FN:27,(anonymous_18)
FN:40,(anonymous_19)
FN:49,(anonymous_20)
FN:53,(anonymous_21)
FN:54,(anonymous_24)
FN:59,(anonymous_27)
FN:70,(anonymous_28)
FN:87,(anonymous_29)
FN:94,(anonymous_32)
FN:97,(anonymous_35)
FN:106,(anonymous_36)
FN:107,(anonymous_39)
FN:110,(anonymous_40)
FN:112,(anonymous_43)
FN:113,(anonymous_44)
FN:125,(anonymous_47)
FN:139,(anonymous_50)
FN:141,(anonymous_53)
FN:145,(anonymous_56)
FN:152,(anonymous_59)
FNF:24
FNH:5
FNDA:1,(anonymous_14)
FNDA:1,LogManager
FNDA:0,(anonymous_16)
FNDA:0,(anonymous_17)
FNDA:0,(anonymous_18)
FNDA:0,(anonymous_19)
FNDA:0,(anonymous_20)
FNDA:1,(anonymous_21)
FNDA:0,(anonymous_24)
FNDA:0,(anonymous_27)
FNDA:2,(anonymous_28)
FNDA:1,(anonymous_29)
FNDA:0,(anonymous_32)
FNDA:0,(anonymous_35)
FNDA:0,(anonymous_36)
FNDA:0,(anonymous_39)
FNDA:0,(anonymous_40)
FNDA:0,(anonymous_43)
FNDA:0,(anonymous_44)
FNDA:0,(anonymous_47)
FNDA:0,(anonymous_50)
FNDA:0,(anonymous_53)
FNDA:0,(anonymous_56)
FNDA:0,(anonymous_59)
DA:2,1
DA:3,1
DA:4,1
DA:5,1
DA:6,1
DA:7,1
DA:8,1
DA:10,1
DA:11,1
DA:12,1
DA:15,1
DA:16,1
DA:18,1
DA:19,1
DA:21,1
DA:22,1
DA:24,1
DA:25,1
DA:26,0
DA:27,0
DA:28,0
DA:29,0
DA:31,0
DA:33,0
DA:36,0
DA:37,0
DA:39,0
DA:40,0
DA:46,1
DA:47,1
DA:49,1
DA:50,0
DA:53,1
DA:54,1
DA:56,0
DA:58,0
DA:59,0
DA:61,0
DA:64,0
DA:65,0
DA:70,1
DA:71,2
DA:72,1
DA:74,2
DA:87,1
DA:88,1
DA:89,1
DA:94,1
DA:95,0
DA:96,0
DA:97,0
DA:101,0
DA:106,1
DA:107,0
DA:110,1
DA:111,0
DA:112,0
DA:113,0
DA:114,0
DA:115,0
DA:116,0
DA:117,0
DA:125,1
DA:126,0
DA:127,0
DA:128,0
DA:129,0
DA:130,0
DA:132,0
DA:139,1
DA:140,0
DA:141,0
DA:142,0
DA:144,0
DA:145,0
DA:146,0
DA:152,1
DA:155,1
DA:157,1
LF:79
LH:38
BRDA:28,0,0,0
BRDA:28,0,1,0
BRDA:36,1,0,0
BRDA:36,1,1,0
BRDA:39,2,0,0
BRDA:39,2,1,0
BRDA:56,3,0,0
BRDA:56,3,1,0
BRDA:58,4,0,0
BRDA:58,4,1,0
BRDA:71,5,0,1
BRDA:71,5,1,1
BRDA:95,6,0,0
BRDA:96,7,0,0
BRDA:96,7,1,0
BRDA:107,8,0,0
BRDA:107,8,1,0
BRDA:111,9,0,0
BRDA:111,10,0,0
BRDA:111,10,1,0
BRDA:112,11,0,0
BRDA:112,11,1,0
BRDA:114,12,0,0
BRDA:126,13,0,0
BRDA:126,13,1,0
BRDA:129,14,0,0
BRDA:129,14,1,0
BRDA:130,15,0,0
BRDA:130,15,1,0
BRDA:140,16,0,0
BRDA:140,16,1,0
BRDA:142,17,0,0
BRDA:142,17,1,0
BRDA:146,18,0,0
BRF:34
BRH:2
end_of_record
TN:
SF:src/log_queue.ts
FN:7,(anonymous_0)
FN:13,LogQueue
FN:20,(anonymous_2)
FN:28,(anonymous_3)
FN:46,(anonymous_4)
FNF:5
FNH:4
FNDA:1,(anonymous_0)
FNDA:2,LogQueue
FNDA:0,(anonymous_2)
FNDA:2,(anonymous_3)
FNDA:2,(anonymous_4)
DA:7,1
DA:9,2
DA:10,2
DA:14,2
DA:15,2
DA:20,1
DA:21,0
DA:22,0
DA:28,1
DA:29,2
DA:30,0
DA:31,0
DA:32,0
DA:33,0
DA:35,0
DA:36,0
DA:37,0
DA:46,1
DA:47,2
DA:48,2
DA:51,1
DA:55,1
LF:22
LH:13
BRDA:29,0,0,2
BRDA:29,0,1,0
BRDA:30,1,0,0
BRDA:30,1,1,0
BRDA:30,2,0,0
BRDA:30,2,1,0
BRDA:32,3,0,0
BRDA:32,3,1,0
BRDA:35,4,0,0
BRDA:35,4,1,0
BRF:10
BRH:1
end_of_record
TN:
SF:src/log_register.ts
FN:5,(anonymous_16)
FN:10,LogRegister
FN:20,(anonymous_18)
FN:27,(anonymous_19)
FN:30,(anonymous_22)
FN:31,(anonymous_23)
FN:45,(anonymous_24)
FNF:7
FNH:5
FNDA:1,(anonymous_16)
FNDA:1,LogRegister
FNDA:0,(anonymous_18)
FNDA:1,(anonymous_19)
FNDA:1,(anonymous_22)
FNDA:0,(anonymous_23)
FNDA:1,(anonymous_24)
DA:1,1
DA:3,1
DA:5,1
DA:6,1
DA:7,1
DA:8,1
DA:11,1
DA:12,0
DA:13,0
DA:15,0
DA:18,1
DA:20,1
DA:21,0
DA:22,0
DA:24,0
DA:27,1
DA:28,1
DA:29,1
DA:30,1
DA:31,1
DA:33,0
DA:37,0
DA:38,0
DA:39,0
DA:41,0
DA:45,1
DA:46,1
DA:47,0
DA:49,1
DA:52,1
DA:54,1
LF:31
LH:19
BRDA:11,0,0,0
BRDA:11,0,1,1
BRDA:12,1,0,0
BRDA:12,1,1,0
BRDA:21,2,0,0
BRDA:21,2,1,0
BRDA:29,3,0,1
BRDA:29,3,1,0
BRDA:37,4,0,0
BRDA:37,4,1,0
BRDA:46,5,0,0
BRDA:46,5,1,1
BRF:12
BRH:3
end_of_record
TN:
SF:src/log_reporter.ts
FN:6,(anonymous_16)
FN:12,LogReporter
FN:20,(anonymous_18)
FN:28,(anonymous_21)
FN:37,(anonymous_22)
FN:41,(anonymous_25)
FNF:6
FNH:2
FNDA:1,(anonymous_16)
FNDA:1,LogReporter
FNDA:0,(anonymous_18)
FNDA:0,(anonymous_21)
FNDA:0,(anonymous_22)
FNDA:0,(anonymous_25)
DA:2,1
DA:3,1
DA:4,1
DA:6,1
DA:8,1
DA:9,1
DA:14,1
DA:15,1
DA:16,1
DA:17,1
DA:20,1
DA:22,0
DA:23,0
DA:24,0
DA:25,0
DA:27,0
DA:29,0
DA:37,1
DA:38,0
DA:39,0
DA:40,0
DA:41,0
DA:43,0
DA:44,0
DA:45,0
DA:48,1
DA:50,1
LF:27
LH:14
BRDA:14,0,0,1
BRDA:14,0,1,1
BRDA:15,1,0,1
BRDA:15,1,1,0
BRDA:27,2,0,0
BRDA:22,3,0,0
BRDA:22,3,1,0
BRDA:23,4,0,0
BRDA:23,4,1,0
BRDA:29,5,0,0
BRDA:29,5,1,0
BRDA:38,6,0,0
BRDA:39,7,0,0
BRDA:39,7,1,0
BRDA:40,8,0,0
BRDA:40,8,1,0
BRF:16
BRH:3
end_of_record
TN:
SF:src/opration_queue.ts
FN:7,(anonymous_13)
FN:11,OperationQueue
FN:15,(anonymous_15)
FN:35,(anonymous_18)
FN:37,(anonymous_21)
FNF:5
FNH:5
FNDA:1,(anonymous_13)
FNDA:2,OperationQueue
FNDA:2,(anonymous_15)
FNDA:1,(anonymous_18)
FNDA:1,(anonymous_21)
DA:7,1
DA:8,2
DA:9,2
DA:12,2
DA:15,1
DA:16,3
DA:17,1
DA:20,1
DA:22,1
DA:23,1
DA:25,0
DA:27,1
DA:28,1
DA:35,1
DA:37,1
DA:38,1
DA:44,1
DA:47,1
DA:56,1
LF:19
LH:18
BRDA:16,0,0,2
BRDA:16,0,1,1
BRDA:16,1,0,3
BRDA:16,1,1,1
BRF:4
BRH:4
end_of_record
TN:
SF:src/lib/ajax.ts
FN:3,(anonymous_14)
FN:3,(anonymous_15)
FN:5,(anonymous_17)
FN:12,(anonymous_18)
FN:18,(anonymous_19)
FNF:5
FNH:0
FNDA:0,(anonymous_14)
FNDA:0,(anonymous_15)
FNDA:0,(anonymous_17)
FNDA:0,(anonymous_18)
FNDA:0,(anonymous_19)
DA:1,1
DA:2,1
DA:3,1
DA:4,0
DA:5,0
DA:6,0
DA:16,0
DA:20,0
DA:21,0
LF:9
LH:3
BRDA:8,0,0,0
BRDA:8,0,1,0
BRDA:20,1,0,0
BRDA:20,1,1,0
BRDA:21,2,0,0
BRDA:21,2,1,0
BRF:6
BRH:0
end_of_record
TN:
SF:src/lib/utils.ts
FN:4,sizeOf
FN:21,isValidDay
FN:38,dateFormat2Day
FN:45,getStartOfDay
FN:53,dayFormat2Date
FN:54,(anonymous_5)
FN:66,timestampToDateTime
FNF:7
FNH:1
FNDA:0,sizeOf
FNDA:0,isValidDay
FNDA:1,dateFormat2Day
FNDA:0,getStartOfDay
FNDA:0,dayFormat2Date
FNDA:0,(anonymous_5)
FNDA:0,timestampToDateTime
DA:2,1
DA:3,1
DA:4,1
DA:5,0
DA:6,0
DA:7,0
DA:8,0
DA:9,0
DA:10,0
DA:11,0
DA:12,0
DA:13,0
DA:15,0
DA:18,0
DA:21,1
DA:22,0
DA:23,0
DA:25,0
DA:26,0
DA:27,0
DA:28,0
DA:38,1
DA:39,1
DA:40,1
DA:41,1
DA:42,1
DA:45,1
DA:46,0
DA:53,1
DA:54,0
DA:55,0
DA:56,0
DA:58,0
DA:62,1
DA:66,1
DA:67,0
DA:68,0
DA:71,0
DA:72,0
DA:75,0
DA:76,0
DA:77,0
DA:78,0
DA:79,0
DA:80,0
DA:81,0
DA:83,0
LF:47
LH:13
BRDA:8,0,0,0
BRDA:8,0,1,0
BRDA:10,1,0,0
BRDA:10,1,1,0
BRDA:12,2,0,0
BRDA:12,2,1,0
BRDA:22,3,0,0
BRDA:22,3,1,0
BRDA:29,4,0,0
BRDA:29,4,1,0
BRDA:29,4,2,0
BRDA:29,4,3,0
BRDA:29,4,4,0
BRDA:42,5,0,1
BRDA:42,5,1,0
BRDA:42,6,0,1
BRDA:42,6,1,0
BRDA:54,7,0,0
BRDA:54,7,1,0
BRDA:55,8,0,0
BRDA:55,8,1,0
BRDA:66,9,0,0
BRDA:66,9,1,0
BRDA:66,10,0,0
BRDA:66,10,1,0
BRDA:67,11,0,0
BRDA:67,11,1,0
BRDA:71,12,0,0
BRDA:71,12,1,0
BRDA:71,13,0,0
BRDA:71,13,1,0
BRDA:84,14,0,0
BRDA:84,14,1,0
BRDA:85,15,0,0
BRDA:85,15,1,0
BRDA:86,16,0,0
BRDA:86,16,1,0
BRDA:87,17,0,0
BRDA:87,17,1,0
BRDA:88,18,0,0
BRDA:88,18,1,0
BRF:41
BRH:2
end_of_record
TN:
SF:src/lib/xhr.ts
FN:13,default_1
FN:21,(anonymous_1)
FN:30,(anonymous_2)
FNF:3
FNH:0
FNDA:0,default_1
FNDA:0,(anonymous_1)
FNDA:0,(anonymous_2)
DA:1,1
DA:13,1
DA:14,0
DA:15,0
DA:16,0
DA:20,0
DA:21,0
DA:22,0
DA:24,0
DA:25,0
DA:28,0
DA:30,0
DA:31,0
DA:32,0
DA:33,0
DA:34,0
DA:36,0
DA:41,0
DA:42,0
DA:43,0
DA:44,0
DA:48,0
DA:50,0
DA:52,0
LF:24
LH:2
BRDA:20,0,0,0
BRDA:20,0,1,0
BRDA:22,1,0,0
BRDA:22,1,1,0
BRDA:25,2,0,0
BRDA:25,2,1,0
BRDA:31,3,0,0
BRDA:31,3,1,0
BRDA:33,4,0,0
BRDA:33,4,1,0
BRDA:34,5,0,0
BRDA:34,5,1,0
BRDA:36,6,0,0
BRDA:36,6,1,0
BRDA:41,7,0,0
BRDA:41,7,1,0
BRDA:42,8,0,0
BRDA:42,8,1,0
BRDA:42,9,0,0
BRDA:42,9,1,0
BRF:20
BRH:0
end_of_record
